::1 - - [05/Jun/2024:14:18:32 +0000] "GET /api/users/ HTTP/1.1" 400 38 "-" "PostmanRuntime/7.36.3"
::1 - - [05/Jun/2024:14:20:25 +0000] "GET /api/users/ HTTP/1.1" 400 2 "-" "PostmanRuntime/7.36.3"
::1 - - [05/Jun/2024:14:23:08 +0000] "GET /api/users/ HTTP/1.1" 500 71 "-" "PostmanRuntime/7.36.3"
::1 - - [05/Jun/2024:14:24:03 +0000] "GET /api/users/ HTTP/1.1" 200 26763 "-" "PostmanRuntime/7.36.3"
::1 - - [05/Jun/2024:14:24:17 +0000] "GET /api/users/ HTTP/1.1" 200 26763 "-" "PostmanRuntime/7.36.3"
::1 - - [05/Jun/2024:14:24:21 +0000] "GET /api/users/ HTTP/1.1" 200 26763 "-" "PostmanRuntime/7.36.3"
::1 - - [05/Jun/2024:14:24:24 +0000] "GET /api/users/ HTTP/1.1" 200 26763 "-" "PostmanRuntime/7.36.3"
::1 - - [05/Jun/2024:14:24:35 +0000] "GET /api/users/ HTTP/1.1" 500 71 "-" "PostmanRuntime/7.36.3"
::1 - - [05/Jun/2024:14:25:16 +0000] "GET /api/users/ HTTP/1.1" 200 26763 "-" "PostmanRuntime/7.36.3"
::1 - - [05/Jun/2024:18:46:36 +0000] "GET /api/users/ HTTP/1.1" 200 26763 "-" "PostmanRuntime/7.36.3"
::1 - - [06/Jun/2024:10:06:49 +0000] "GET /api/users/ HTTP/1.1" 200 26763 "-" "PostmanRuntime/7.36.3"
::1 - - [06/Jun/2024:10:07:56 +0000] "POST /api/users/store HTTP/1.1" 400 132 "-" "PostmanRuntime/7.36.3"
::1 - - [06/Jun/2024:10:08:03 +0000] "POST /api/users/store HTTP/1.1" 500 104 "-" "PostmanRuntime/7.36.3"
::1 - - [06/Jun/2024:10:08:57 +0000] "POST /api/users/store HTTP/1.1" 500 104 "-" "PostmanRuntime/7.36.3"
::1 - - [06/Jun/2024:10:09:00 +0000] "POST /api/users/store HTTP/1.1" 500 104 "-" "PostmanRuntime/7.36.3"
::1 - - [06/Jun/2024:10:09:02 +0000] "POST /api/users/store HTTP/1.1" 500 104 "-" "PostmanRuntime/7.36.3"
::1 - - [06/Jun/2024:10:09:05 +0000] "POST /api/users/store HTTP/1.1" 500 104 "-" "PostmanRuntime/7.36.3"
::1 - - [06/Jun/2024:10:09:08 +0000] "POST /api/users/store HTTP/1.1" 500 104 "-" "PostmanRuntime/7.36.3"
::1 - - [06/Jun/2024:10:09:56 +0000] "POST /api/users/store HTTP/1.1" 500 104 "-" "PostmanRuntime/7.36.3"
::1 - - [06/Jun/2024:10:10:20 +0000] "POST /api/users/store HTTP/1.1" 500 104 "-" "PostmanRuntime/7.36.3"
::1 - - [06/Jun/2024:10:10:45 +0000] "POST /api/users/store HTTP/1.1" 500 104 "-" "PostmanRuntime/7.36.3"
::1 - - [06/Jun/2024:10:11:09 +0000] "POST /api/users/store HTTP/1.1" 500 104 "-" "PostmanRuntime/7.36.3"
::1 - - [06/Jun/2024:10:11:26 +0000] "POST /api/users/store HTTP/1.1" 500 104 "-" "PostmanRuntime/7.36.3"
::1 - - [06/Jun/2024:10:11:28 +0000] "POST /api/users/store HTTP/1.1" 500 104 "-" "PostmanRuntime/7.36.3"
::1 - - [06/Jun/2024:10:12:02 +0000] "POST /api/users/store HTTP/1.1" 500 104 "-" "PostmanRuntime/7.36.3"
::1 - - [06/Jun/2024:10:12:05 +0000] "POST /api/users/store HTTP/1.1" 500 104 "-" "PostmanRuntime/7.36.3"
::1 - - [06/Jun/2024:10:12:19 +0000] "POST /api/users/store HTTP/1.1" 500 104 "-" "PostmanRuntime/7.36.3"
::1 - - [06/Jun/2024:10:12:20 +0000] "POST /api/users/store HTTP/1.1" 500 104 "-" "PostmanRuntime/7.36.3"
::1 - - [06/Jun/2024:10:12:21 +0000] "POST /api/users/store HTTP/1.1" 500 104 "-" "PostmanRuntime/7.36.3"
::1 - - [06/Jun/2024:10:12:22 +0000] "POST /api/users/store HTTP/1.1" 500 104 "-" "PostmanRuntime/7.36.3"
::1 - - [06/Jun/2024:10:13:03 +0000] "GET /api/users/ HTTP/1.1" 200 26763 "-" "PostmanRuntime/7.36.3"
::1 - - [06/Jun/2024:10:13:12 +0000] "POST /api/users/store HTTP/1.1" 500 104 "-" "PostmanRuntime/7.36.3"
::1 - - [06/Jun/2024:10:13:35 +0000] "POST /api/users/store HTTP/1.1" 500 104 "-" "PostmanRuntime/7.36.3"
::1 - - [06/Jun/2024:10:13:56 +0000] "POST /api/users/store HTTP/1.1" 500 104 "-" "PostmanRuntime/7.36.3"
::1 - - [06/Jun/2024:10:14:27 +0000] "POST /api/users/store HTTP/1.1" 500 104 "-" "PostmanRuntime/7.36.3"
::1 - - [06/Jun/2024:10:14:32 +0000] "POST /api/users/store HTTP/1.1" 500 104 "-" "PostmanRuntime/7.36.3"
::1 - - [06/Jun/2024:10:14:41 +0000] "POST /api/users/store HTTP/1.1" 500 104 "-" "PostmanRuntime/7.36.3"
::1 - - [06/Jun/2024:10:15:23 +0000] "POST /api/users/store HTTP/1.1" 500 104 "-" "PostmanRuntime/7.36.3"
::1 - - [06/Jun/2024:10:15:25 +0000] "POST /api/users/store HTTP/1.1" 500 104 "-" "PostmanRuntime/7.36.3"
::1 - - [06/Jun/2024:10:20:06 +0000] "POST /api/users/store HTTP/1.1" 500 104 "-" "PostmanRuntime/7.36.3"
::1 - - [06/Jun/2024:10:20:10 +0000] "POST /api/users/store HTTP/1.1" 500 104 "-" "PostmanRuntime/7.36.3"
::1 - - [06/Jun/2024:10:20:33 +0000] "POST /api/users/store HTTP/1.1" 400 119 "-" "PostmanRuntime/7.36.3"
::1 - - [06/Jun/2024:10:21:05 +0000] "POST /api/users/store HTTP/1.1" 400 117 "-" "PostmanRuntime/7.36.3"
::1 - - [06/Jun/2024:10:21:15 +0000] "POST /api/users/store HTTP/1.1" 500 104 "-" "PostmanRuntime/7.36.3"
::1 - - [06/Jun/2024:10:21:34 +0000] "POST /api/users/store HTTP/1.1" 500 104 "-" "PostmanRuntime/7.36.3"
::1 - - [06/Jun/2024:10:23:40 +0000] "GET /api/users/ HTTP/1.1" 200 26763 "-" "PostmanRuntime/7.36.3"
::1 - - [06/Jun/2024:10:23:55 +0000] "POST /api/users/store HTTP/1.1" 201 200 "-" "PostmanRuntime/7.36.3"
::1 - - [06/Jun/2024:10:25:28 +0000] "POST /api/users/store HTTP/1.1" 500 110 "-" "PostmanRuntime/7.36.3"
::1 - - [06/Jun/2024:10:25:43 +0000] "POST /api/users/store HTTP/1.1" 500 110 "-" "PostmanRuntime/7.36.3"
::1 - - [06/Jun/2024:10:31:30 +0000] "POST /api/users/store HTTP/1.1" 201 200 "-" "PostmanRuntime/7.36.3"
::1 - - [06/Jun/2024:10:32:55 +0000] "POST /api/users/store HTTP/1.1" 500 78 "-" "PostmanRuntime/7.36.3"
::1 - - [06/Jun/2024:10:33:28 +0000] "POST /api/users/store HTTP/1.1" 201 200 "-" "PostmanRuntime/7.36.3"
::1 - - [06/Jun/2024:10:40:11 +0000] "GET /api/users/getUser/a9f8c4e3-13c6-425e-ba87-4f2007e65c6 HTTP/1.1" 404 28 "-" "PostmanRuntime/7.36.3"
::1 - - [06/Jun/2024:10:40:19 +0000] "GET /api/users/getUser/2 HTTP/1.1" 200 159 "-" "PostmanRuntime/7.36.3"
::1 - - [06/Jun/2024:10:40:26 +0000] "GET /api/users/getUser/22 HTTP/1.1" 200 153 "-" "PostmanRuntime/7.36.3"
::1 - - [06/Jun/2024:10:41:18 +0000] "GET /api/users/getUser/22 HTTP/1.1" 200 153 "-" "PostmanRuntime/7.36.3"
::1 - - [06/Jun/2024:10:41:29 +0000] "GET /api/users/getUser/22 HTTP/1.1" 200 153 "-" "PostmanRuntime/7.36.3"
::1 - - [06/Jun/2024:10:41:34 +0000] "GET /api/users/getUser/12 HTTP/1.1" 200 169 "-" "PostmanRuntime/7.36.3"
::1 - - [06/Jun/2024:10:41:56 +0000] "GET /api/users/getUser/a9f8c4e3-13c6-425e-ba87-4f2007e65c69 HTTP/1.1" 404 28 "-" "PostmanRuntime/7.36.3"
::1 - - [06/Jun/2024:10:42:41 +0000] "GET /api/users/getUser/a9f8c4e3-13c6-425e-ba87-4f2007e65c69 HTTP/1.1" 200 186 "-" "PostmanRuntime/7.36.3"
::1 - - [06/Jun/2024:10:42:50 +0000] "GET /api/users/getUser/22 HTTP/1.1" 404 28 "-" "PostmanRuntime/7.36.3"
::1 - - [06/Jun/2024:10:44:12 +0000] "GET /api/users/getUser/22 HTTP/1.1" 404 28 "-" "PostmanRuntime/7.36.3"
::1 - - [06/Jun/2024:10:44:14 +0000] "GET /api/users/getUser/22 HTTP/1.1" 404 28 "-" "PostmanRuntime/7.36.3"
::1 - - [06/Jun/2024:10:44:20 +0000] "GET /api/users/getUser/a9f8c4e3-13c6-425e-ba87-4f2007e65c69 HTTP/1.1" 200 186 "-" "PostmanRuntime/7.36.3"
::1 - - [06/Jun/2024:10:44:28 +0000] "GET /api/users/getUser/22 HTTP/1.1" 404 28 "-" "PostmanRuntime/7.36.3"
::1 - - [06/Jun/2024:10:44:51 +0000] "GET /api/users/getUser/22 HTTP/1.1" 200 153 "-" "PostmanRuntime/7.36.3"
::1 - - [06/Jun/2024:10:44:55 +0000] "GET /api/users/getUser/a9f8c4e3-13c6-425e-ba87-4f2007e65c69 HTTP/1.1" 200 186 "-" "PostmanRuntime/7.36.3"
::1 - - [06/Jun/2024:10:52:32 +0000] "PATCH /api/users/getUser/a9f8c4e3-13c6-425e-ba87-4f2007e65c69 HTTP/1.1" 404 195 "-" "PostmanRuntime/7.36.3"
::1 - - [06/Jun/2024:10:52:40 +0000] "PATCH /api/users/getUser/a9f8c4e3-13c6-425e-ba87-4f2007e65c69 HTTP/1.1" 404 195 "-" "PostmanRuntime/7.36.3"
::1 - - [06/Jun/2024:10:52:55 +0000] "PATCH /api/users/update/user/a9f8c4e3-13c6-425e-ba87-4f2007e65c69 HTTP/1.1" 200 204 "-" "PostmanRuntime/7.36.3"
::1 - - [06/Jun/2024:10:53:43 +0000] "PATCH /api/users/update/user/a9f8c4e3-13c6-425e-ba87-4f2007e65c6 HTTP/1.1" 404 28 "-" "PostmanRuntime/7.36.3"
::1 - - [06/Jun/2024:10:54:02 +0000] "PATCH /api/users/update/user/a9f8c4e3-13c6-425e-ba87-4f2007e65c6 HTTP/1.1" 404 28 "-" "PostmanRuntime/7.36.3"
::1 - - [06/Jun/2024:10:54:05 +0000] "PATCH /api/users/update/user/a9f8c4e3-13c6-425e-ba87-4f2007e65c6 HTTP/1.1" 404 28 "-" "PostmanRuntime/7.36.3"
::1 - - [06/Jun/2024:10:54:10 +0000] "PATCH /api/users/update/user/a9f8c4e3-13c6-425e-ba87-4f2007e65c69 HTTP/1.1" 200 204 "-" "PostmanRuntime/7.36.3"
::1 - - [06/Jun/2024:10:54:42 +0000] "PATCH /api/users/update/user/a9f8c4e3-13c6-425e-ba87-4f2007e65c69 HTTP/1.1" 200 204 "-" "PostmanRuntime/7.36.3"
::1 - - [06/Jun/2024:10:54:47 +0000] "PATCH /api/users/update/user/a9f8c4e3-13c6-425e-ba87-4f2007e65c69 HTTP/1.1" 200 204 "-" "PostmanRuntime/7.36.3"
::1 - - [06/Jun/2024:10:54:57 +0000] "PATCH /api/users/update/user/a9f8c4e3-13c6-425e-ba87-4f2007e65c69 HTTP/1.1" 500 93 "-" "PostmanRuntime/7.36.3"
::1 - - [06/Jun/2024:10:55:00 +0000] "PATCH /api/users/update/user/a9f8c4e3-13c6-425e-ba87-4f2007e65c69 HTTP/1.1" 500 93 "-" "PostmanRuntime/7.36.3"
::1 - - [06/Jun/2024:10:55:06 +0000] "PATCH /api/users/update/user/a9f8c4e3-13c6-425e-ba87-4f2007e65c69 HTTP/1.1" 500 93 "-" "PostmanRuntime/7.36.3"
::1 - - [06/Jun/2024:10:55:23 +0000] "PATCH /api/users/update/user/22 HTTP/1.1" 500 93 "-" "PostmanRuntime/7.36.3"
::1 - - [06/Jun/2024:10:55:36 +0000] "PATCH /api/users/update/user/22 HTTP/1.1" 500 93 "-" "PostmanRuntime/7.36.3"
::1 - - [06/Jun/2024:10:57:20 +0000] "PATCH /api/users/update/user/22 HTTP/1.1" 200 174 "-" "PostmanRuntime/7.36.3"
::1 - - [06/Jun/2024:11:02:18 +0000] "PATCH /api/users/update/user/22 HTTP/1.1" 200 174 "-" "PostmanRuntime/7.36.3"
::1 - - [06/Jun/2024:11:08:53 +0000] "PATCH /api/users/update/user/22 HTTP/1.1" 200 174 "-" "PostmanRuntime/7.36.3"
::1 - - [06/Jun/2024:14:00:55 +0000] "POST /api/update/user/22 HTTP/1.1" 404 158 "-" "PostmanRuntime/7.36.3"
::1 - - [06/Jun/2024:14:01:06 +0000] "PUT /api/update/user/22 HTTP/1.1" 404 157 "-" "PostmanRuntime/7.36.3"
::1 - - [06/Jun/2024:14:01:09 +0000] "PUT /api/update/user/22 HTTP/1.1" 404 157 "-" "PostmanRuntime/7.36.3"
::1 - - [06/Jun/2024:14:01:19 +0000] "PUT /api/user/update/22 HTTP/1.1" 404 157 "-" "PostmanRuntime/7.36.3"
::1 - - [06/Jun/2024:14:01:21 +0000] "PUT /api/user/update/22 HTTP/1.1" 404 157 "-" "PostmanRuntime/7.36.3"
::1 - - [06/Jun/2024:14:01:23 +0000] "PUT /api/user/update/22 HTTP/1.1" 404 157 "-" "PostmanRuntime/7.36.3"
::1 - - [06/Jun/2024:14:01:36 +0000] "PUT /api/user/update/22 HTTP/1.1" 404 157 "-" "PostmanRuntime/7.36.3"
::1 - - [06/Jun/2024:14:01:59 +0000] "PUT /api/user/update/22 HTTP/1.1" 404 157 "-" "PostmanRuntime/7.36.3"
::1 - - [06/Jun/2024:14:02:19 +0000] "PUT /api/users/update/22 HTTP/1.1" 200 165 "-" "PostmanRuntime/7.36.3"
::1 - - [06/Jun/2024:14:03:30 +0000] "PUT /api/users/update/22 HTTP/1.1" 500 111 "-" "PostmanRuntime/7.36.3"
::1 - - [06/Jun/2024:14:04:26 +0000] "PUT /api/users/update/22 HTTP/1.1" 200 165 "-" "PostmanRuntime/7.36.3"
::1 - - [06/Jun/2024:14:04:58 +0000] "DELETE /api/users/delete/22 HTTP/1.1" 404 161 "-" "PostmanRuntime/7.36.3"
::1 - - [06/Jun/2024:14:05:01 +0000] "DELETE /api/users/delete/22 HTTP/1.1" 404 161 "-" "PostmanRuntime/7.36.3"
::1 - - [06/Jun/2024:14:05:26 +0000] "DELETE /api/users/delete/22 HTTP/1.1" 200 170 "-" "PostmanRuntime/7.36.3"
